[2019-05-17 16:19:45.277] [http-nio-8083-exec-3][INFO][com.example.demo.controller.ContentController][findByIdpage] line:[49]-> 根据用户ID查询用户信息
[2019-05-17 16:19:45.784] [http-nio-8083-exec-3][INFO][com.example.demo.controller.ContentController][findByIdpage] line:[53]-> 查询成功！
[2019-05-17 16:21:42.649] [http-nio-8083-exec-1][INFO][com.example.demo.controller.ContentController][findByIdpage] line:[48]-> 根据用户ID查询用户信息
[2019-05-17 16:21:43.228] [http-nio-8083-exec-1][INFO][com.example.demo.controller.ContentController][findByIdpage] line:[52]-> 查询成功！
[2019-05-17 16:21:47.845] [http-nio-8083-exec-3][INFO][com.example.demo.controller.ContentController][findByIdpage] line:[48]-> 根据用户ID查询用户信息
[2019-05-17 16:21:47.888] [http-nio-8083-exec-3][INFO][com.example.demo.controller.ContentController][findByIdpage] line:[52]-> 查询成功！
[2019-05-17 16:21:48.020] [http-nio-8083-exec-5][INFO][com.example.demo.controller.ContentController][findByIdpage] line:[48]-> 根据用户ID查询用户信息
[2019-05-17 16:21:48.041] [http-nio-8083-exec-5][INFO][com.example.demo.controller.ContentController][findByIdpage] line:[52]-> 查询成功！
[2019-05-17 16:21:48.714] [http-nio-8083-exec-6][INFO][com.example.demo.controller.ContentController][findByIdpage] line:[48]-> 根据用户ID查询用户信息
[2019-05-17 16:21:48.749] [http-nio-8083-exec-6][INFO][com.example.demo.controller.ContentController][findByIdpage] line:[52]-> 查询成功！
[2019-05-17 16:21:48.871] [http-nio-8083-exec-9][INFO][com.example.demo.controller.ContentController][findByIdpage] line:[48]-> 根据用户ID查询用户信息
[2019-05-17 16:21:48.893] [http-nio-8083-exec-9][INFO][com.example.demo.controller.ContentController][findByIdpage] line:[52]-> 查询成功！
[2019-05-17 16:21:49.467] [http-nio-8083-exec-1][INFO][com.example.demo.controller.ContentController][findByIdpage] line:[48]-> 根据用户ID查询用户信息
[2019-05-17 16:21:49.499] [http-nio-8083-exec-1][INFO][com.example.demo.controller.ContentController][findByIdpage] line:[52]-> 查询成功！
[2019-05-17 16:21:49.640] [http-nio-8083-exec-3][INFO][com.example.demo.controller.ContentController][findByIdpage] line:[48]-> 根据用户ID查询用户信息
[2019-05-17 16:21:49.659] [http-nio-8083-exec-3][INFO][com.example.demo.controller.ContentController][findByIdpage] line:[52]-> 查询成功！
[2019-05-17 16:21:49.812] [http-nio-8083-exec-5][INFO][com.example.demo.controller.ContentController][findByIdpage] line:[48]-> 根据用户ID查询用户信息
[2019-05-17 16:21:49.831] [http-nio-8083-exec-5][INFO][com.example.demo.controller.ContentController][findByIdpage] line:[52]-> 查询成功！
[2019-05-17 16:21:50.006] [http-nio-8083-exec-6][INFO][com.example.demo.controller.ContentController][findByIdpage] line:[48]-> 根据用户ID查询用户信息
[2019-05-17 16:21:50.025] [http-nio-8083-exec-6][INFO][com.example.demo.controller.ContentController][findByIdpage] line:[52]-> 查询成功！
[2019-05-17 16:21:50.485] [http-nio-8083-exec-9][INFO][com.example.demo.controller.ContentController][findByIdpage] line:[48]-> 根据用户ID查询用户信息
[2019-05-17 16:21:50.503] [http-nio-8083-exec-9][INFO][com.example.demo.controller.ContentController][findByIdpage] line:[52]-> 查询成功！
[2019-05-17 16:21:50.672] [http-nio-8083-exec-1][INFO][com.example.demo.controller.ContentController][findByIdpage] line:[48]-> 根据用户ID查询用户信息
[2019-05-17 16:21:50.689] [http-nio-8083-exec-1][INFO][com.example.demo.controller.ContentController][findByIdpage] line:[52]-> 查询成功！
[2019-05-17 16:21:50.882] [http-nio-8083-exec-3][INFO][com.example.demo.controller.ContentController][findByIdpage] line:[48]-> 根据用户ID查询用户信息
[2019-05-17 16:21:50.900] [http-nio-8083-exec-3][INFO][com.example.demo.controller.ContentController][findByIdpage] line:[52]-> 查询成功！
[2019-05-17 16:21:51.411] [http-nio-8083-exec-5][INFO][com.example.demo.controller.ContentController][findByIdpage] line:[48]-> 根据用户ID查询用户信息
[2019-05-17 16:21:51.446] [http-nio-8083-exec-5][INFO][com.example.demo.controller.ContentController][findByIdpage] line:[52]-> 查询成功！
[2019-05-17 16:21:51.582] [http-nio-8083-exec-6][INFO][com.example.demo.controller.ContentController][findByIdpage] line:[48]-> 根据用户ID查询用户信息
[2019-05-17 16:21:51.599] [http-nio-8083-exec-6][INFO][com.example.demo.controller.ContentController][findByIdpage] line:[52]-> 查询成功！
[2019-05-17 16:21:51.767] [http-nio-8083-exec-9][INFO][com.example.demo.controller.ContentController][findByIdpage] line:[48]-> 根据用户ID查询用户信息
[2019-05-17 16:21:51.785] [http-nio-8083-exec-9][INFO][com.example.demo.controller.ContentController][findByIdpage] line:[52]-> 查询成功！
[2019-05-17 16:23:02.051] [http-nio-8083-exec-1][INFO][com.example.demo.controller.ContentController][findByIdpage] line:[49]-> 根据用户ID查询用户信息
[2019-05-17 16:23:02.630] [http-nio-8083-exec-1][INFO][com.example.demo.controller.ContentController][findByIdpage] line:[53]-> 查询成功！
[2019-05-17 16:24:50.195] [http-nio-8083-exec-1][INFO][com.example.demo.controller.ContentController][findByIdpage] line:[49]-> 根据用户ID查询用户信息
[2019-05-17 16:24:50.941] [http-nio-8083-exec-1][INFO][com.example.demo.controller.ContentController][findByIdpage] line:[53]-> 查询成功！
[2019-05-17 16:26:06.718] [http-nio-8083-exec-1][INFO][com.example.demo.controller.ContentController][findByIdpage] line:[49]-> 根据用户ID查询用户信息
[2019-05-17 16:26:07.359] [http-nio-8083-exec-1][INFO][com.example.demo.controller.ContentController][findByIdpage] line:[53]-> 查询成功！
[2019-05-17 16:29:26.057] [http-nio-8083-exec-1][INFO][com.example.demo.controller.ContentController][findByIdpage] line:[49]-> 根据用户ID查询用户信息
[2019-05-17 16:29:26.736] [http-nio-8083-exec-1][INFO][com.example.demo.controller.ContentController][findByIdpage] line:[53]-> 查询成功！
[2019-05-17 16:29:28.527] [http-nio-8083-exec-4][INFO][com.example.demo.controller.ContentController][findByIdpage] line:[49]-> 根据用户ID查询用户信息
[2019-05-17 16:29:28.589] [http-nio-8083-exec-4][INFO][com.example.demo.controller.ContentController][findByIdpage] line:[53]-> 查询成功！
[2019-05-17 16:29:29.679] [http-nio-8083-exec-7][INFO][com.example.demo.controller.ContentController][findByIdpage] line:[49]-> 根据用户ID查询用户信息
[2019-05-17 16:29:29.735] [http-nio-8083-exec-7][INFO][com.example.demo.controller.ContentController][findByIdpage] line:[53]-> 查询成功！
[2019-05-17 16:29:29.858] [http-nio-8083-exec-10][INFO][com.example.demo.controller.ContentController][findByIdpage] line:[49]-> 根据用户ID查询用户信息
[2019-05-17 16:29:29.888] [http-nio-8083-exec-10][INFO][com.example.demo.controller.ContentController][findByIdpage] line:[53]-> 查询成功！
[2019-05-17 16:29:30.039] [http-nio-8083-exec-3][INFO][com.example.demo.controller.ContentController][findByIdpage] line:[49]-> 根据用户ID查询用户信息
[2019-05-17 16:29:30.068] [http-nio-8083-exec-3][INFO][com.example.demo.controller.ContentController][findByIdpage] line:[53]-> 查询成功！
[2019-05-17 16:29:30.211] [http-nio-8083-exec-6][INFO][com.example.demo.controller.ContentController][findByIdpage] line:[49]-> 根据用户ID查询用户信息
[2019-05-17 16:29:30.251] [http-nio-8083-exec-6][INFO][com.example.demo.controller.ContentController][findByIdpage] line:[53]-> 查询成功！
[2019-05-17 16:29:30.397] [http-nio-8083-exec-9][INFO][com.example.demo.controller.ContentController][findByIdpage] line:[49]-> 根据用户ID查询用户信息
[2019-05-17 16:29:30.426] [http-nio-8083-exec-9][INFO][com.example.demo.controller.ContentController][findByIdpage] line:[53]-> 查询成功！
[2019-05-17 16:29:30.553] [http-nio-8083-exec-2][INFO][com.example.demo.controller.ContentController][findByIdpage] line:[49]-> 根据用户ID查询用户信息
[2019-05-17 16:29:30.584] [http-nio-8083-exec-2][INFO][com.example.demo.controller.ContentController][findByIdpage] line:[53]-> 查询成功！
[2019-05-17 16:29:30.706] [http-nio-8083-exec-5][INFO][com.example.demo.controller.ContentController][findByIdpage] line:[49]-> 根据用户ID查询用户信息
[2019-05-17 16:29:30.734] [http-nio-8083-exec-5][INFO][com.example.demo.controller.ContentController][findByIdpage] line:[53]-> 查询成功！
[2019-05-17 16:29:30.909] [http-nio-8083-exec-8][INFO][com.example.demo.controller.ContentController][findByIdpage] line:[49]-> 根据用户ID查询用户信息
[2019-05-17 16:29:30.939] [http-nio-8083-exec-8][INFO][com.example.demo.controller.ContentController][findByIdpage] line:[53]-> 查询成功！
[2019-05-17 16:29:31.080] [http-nio-8083-exec-1][INFO][com.example.demo.controller.ContentController][findByIdpage] line:[49]-> 根据用户ID查询用户信息
[2019-05-17 16:29:31.119] [http-nio-8083-exec-1][INFO][com.example.demo.controller.ContentController][findByIdpage] line:[53]-> 查询成功！
[2019-05-17 16:29:31.293] [http-nio-8083-exec-4][INFO][com.example.demo.controller.ContentController][findByIdpage] line:[49]-> 根据用户ID查询用户信息
[2019-05-17 16:29:31.322] [http-nio-8083-exec-4][INFO][com.example.demo.controller.ContentController][findByIdpage] line:[53]-> 查询成功！
[2019-05-17 16:29:31.456] [http-nio-8083-exec-7][INFO][com.example.demo.controller.ContentController][findByIdpage] line:[49]-> 根据用户ID查询用户信息
[2019-05-17 16:29:31.485] [http-nio-8083-exec-7][INFO][com.example.demo.controller.ContentController][findByIdpage] line:[53]-> 查询成功！
[2019-05-17 16:29:31.637] [http-nio-8083-exec-10][INFO][com.example.demo.controller.ContentController][findByIdpage] line:[49]-> 根据用户ID查询用户信息
[2019-05-17 16:29:31.665] [http-nio-8083-exec-10][INFO][com.example.demo.controller.ContentController][findByIdpage] line:[53]-> 查询成功！
[2019-05-17 16:29:31.855] [http-nio-8083-exec-3][INFO][com.example.demo.controller.ContentController][findByIdpage] line:[49]-> 根据用户ID查询用户信息
[2019-05-17 16:29:31.885] [http-nio-8083-exec-3][INFO][com.example.demo.controller.ContentController][findByIdpage] line:[53]-> 查询成功！
[2019-05-17 16:31:25.099] [http-nio-8084-exec-1][INFO][com.example.demo.controller.ContentController][findByIdpage] line:[49]-> 根据用户ID查询用户信息
[2019-05-17 16:31:25.715] [http-nio-8084-exec-1][INFO][com.example.demo.controller.ContentController][findByIdpage] line:[53]-> 查询成功！
[2019-05-17 17:11:16.091] [http-nio-8084-exec-5][INFO][com.example.demo.controller.ContentPageController][findByIdpage] line:[31]-> 根据用户的所有的学习内容
[2019-05-17 17:11:16.640] [http-nio-8084-exec-5][INFO][com.example.demo.controller.ContentPageController][findByIdpage] line:[36]-> 查询成功！
[2019-05-17 17:11:21.632] [http-nio-8084-exec-7][INFO][com.example.demo.controller.ContentPageController][insert] line:[49]-> 即将跳转到新增学习内容页面
[2019-05-17 17:13:07.332] [http-nio-8084-exec-1][INFO][com.example.demo.controller.ContentPageController][findByIdpage] line:[31]-> 根据用户的所有的学习内容
[2019-05-17 17:13:07.993] [http-nio-8084-exec-1][INFO][com.example.demo.controller.ContentPageController][findByIdpage] line:[36]-> 查询成功！
[2019-05-17 17:14:19.401] [http-nio-8084-exec-1][INFO][com.example.demo.controller.ContentPageController][findByIdpage] line:[31]-> 根据用户的所有的学习内容
[2019-05-17 17:14:20.087] [http-nio-8084-exec-1][INFO][com.example.demo.controller.ContentPageController][findByIdpage] line:[36]-> 查询成功！
[2019-05-17 17:14:23.670] [http-nio-8084-exec-3][INFO][com.example.demo.controller.ContentPageController][insert] line:[49]-> 即将跳转到新增学习内容页面
[2019-05-17 17:21:22.637] [http-nio-8084-exec-1][INFO][com.example.demo.controller.ContentPageController][findByIdpage] line:[34]-> 根据用户的所有的学习内容
[2019-05-17 17:21:23.182] [http-nio-8084-exec-1][INFO][com.example.demo.controller.ContentPageController][findByIdpage] line:[39]-> 查询成功！
[2019-05-17 17:21:27.213] [http-nio-8084-exec-3][INFO][com.example.demo.controller.ContentPageController][insert] line:[52]-> 即将跳转到新增学习内容页面
[2019-05-17 17:21:35.468] [http-nio-8084-exec-5][INFO][com.example.demo.controller.ContentPageController][create] line:[61]-> 新增Content记录
[2019-05-17 17:21:35.517] [http-nio-8084-exec-5][INFO][com.example.demo.controller.ContentPageController][create] line:[64]-> 新增Content成功！
[2019-05-17 17:22:44.309] [http-nio-8084-exec-1][INFO][com.example.demo.controller.ContentPageController][create] line:[61]-> 新增Content记录
[2019-05-17 17:22:44.960] [http-nio-8084-exec-1][INFO][com.example.demo.controller.ContentPageController][create] line:[64]-> 新增Content成功！
[2019-05-17 17:22:49.197] [http-nio-8084-exec-3][INFO][com.example.demo.controller.ContentPageController][findByIdpage] line:[34]-> 根据用户的所有的学习内容
[2019-05-17 17:22:49.278] [http-nio-8084-exec-3][INFO][com.example.demo.controller.ContentPageController][findByIdpage] line:[39]-> 查询成功！
[2019-05-17 17:23:08.161] [http-nio-8084-exec-5][INFO][com.example.demo.controller.ContentPageController][insert] line:[52]-> 即将跳转到新增学习内容页面
[2019-05-17 17:24:59.937] [http-nio-8084-exec-10][INFO][com.example.demo.controller.ContentPageController][create] line:[61]-> 新增Content记录
[2019-05-17 17:25:00.008] [http-nio-8084-exec-10][INFO][com.example.demo.controller.ContentPageController][create] line:[64]-> 新增Content成功！
[2019-05-17 17:25:04.051] [http-nio-8084-exec-8][INFO][com.example.demo.controller.ContentPageController][findByIdpage] line:[34]-> 根据用户的所有的学习内容
[2019-05-17 17:25:04.099] [http-nio-8084-exec-8][INFO][com.example.demo.controller.ContentPageController][findByIdpage] line:[39]-> 查询成功！
[2019-05-17 17:27:21.336] [http-nio-8084-exec-1][INFO][com.example.demo.controller.ContentPageController][create] line:[61]-> 新增Content记录
[2019-05-17 17:27:22.039] [http-nio-8084-exec-1][INFO][com.example.demo.controller.ContentPageController][create] line:[64]-> 新增Content成功！
[2019-05-17 17:27:23.592] [http-nio-8084-exec-4][INFO][com.example.demo.controller.ContentPageController][findByIdpage] line:[34]-> 根据用户的所有的学习内容
[2019-05-17 17:27:23.669] [http-nio-8084-exec-4][INFO][com.example.demo.controller.ContentPageController][findByIdpage] line:[39]-> 查询成功！
[2019-05-17 17:27:27.682] [http-nio-8084-exec-5][INFO][com.example.demo.controller.ContentPageController][insert] line:[52]-> 即将跳转到新增学习内容页面
[2019-05-17 17:28:17.150] [http-nio-8084-exec-7][INFO][com.example.demo.controller.ContentPageController][create] line:[61]-> 新增Content记录
[2019-05-17 17:28:17.248] [http-nio-8084-exec-7][INFO][com.example.demo.controller.ContentPageController][create] line:[64]-> 新增Content成功！
[2019-05-17 17:28:18.675] [http-nio-8084-exec-10][INFO][com.example.demo.controller.ContentPageController][findByIdpage] line:[34]-> 根据用户的所有的学习内容
[2019-05-17 17:28:18.729] [http-nio-8084-exec-10][INFO][com.example.demo.controller.ContentPageController][findByIdpage] line:[39]-> 查询成功！
